<?xml version="1.0" encoding="UTF-8"?>
<testng-results ignored="0" total="2" passed="2" failed="0" skipped="0">
  <reporter-output>
  </reporter-output>
  <suite started-at="2024-05-23T21:29:47 IST" name="Default suite" finished-at="2024-05-23T21:29:47 IST" duration-ms="460">
    <groups>
    </groups>
    <test started-at="2024-05-23T21:29:47 IST" name="Default test" finished-at="2024-05-23T21:29:47 IST" duration-ms="460">
      <class name="example.tests.NewTest">
        <test-method is-config="true" signature="beforeTest()[pri:0, instance:example.tests.NewTest@61f80d55]" started-at="2024-05-23T21:29:47 IST" name="beforeTest" finished-at="2024-05-23T21:29:47 IST" duration-ms="35" status="PASS">
          <reporter-output>
          </reporter-output>
        </test-method> <!-- beforeTest -->
        <test-method signature="test1()[pri:0, instance:example.tests.NewTest@61f80d55]" started-at="2024-05-23T21:29:47 IST" name="test1" finished-at="2024-05-23T21:29:47 IST" duration-ms="99" status="PASS">
          <reporter-output>
          </reporter-output>
        </test-method> <!-- test1 -->
        <test-method signature="test2()[pri:0, instance:example.tests.NewTest@61f80d55]" started-at="2024-05-23T21:29:47 IST" name="test2" description="date time strings" finished-at="2024-05-23T21:29:47 IST" duration-ms="59" status="PASS">
          <reporter-output>
          </reporter-output>
        </test-method> <!-- test2 -->
        <test-method is-config="true" signature="afterTest()[pri:0, instance:example.tests.NewTest@61f80d55]" started-at="2024-05-23T21:29:47 IST" name="afterTest" finished-at="2024-05-23T21:29:47 IST" duration-ms="8" status="PASS">
          <reporter-output>
          </reporter-output>
        </test-method> <!-- afterTest -->
      </class> <!-- example.tests.NewTest -->
    </test> <!-- Default test -->
  </suite> <!-- Default suite -->
</testng-results>
